<?xml version="1.0" encoding="UTF-8"?>
<!-- Generated by org.testng.reporters.JUnitReportReporter -->
<testsuite hostname="LAPTOP-PP4TN480" failures="0" tests="1" name="com.test.medirunner" time="36.536" errors="0" timestamp="2022-12-28T20:59:13 IST" skipped="0">
  <testcase classname="com.test.medirunner" name="f" time="36.536"/>
  <system-out/>
</testsuite> <!-- com.test.medirunner -->
