<?xml version="1.0" encoding="UTF-8"?>
<!-- Generated by org.testng.reporters.JUnitReportReporter -->
<testsuite hostname="DESKTOP-PIJ6M3V" failures="0" tests="1" name="com.test.medirunner" time="28.418" errors="0" timestamp="2022-12-17T13:17:43 IST" skipped="0">
  <testcase classname="com.test.medirunner" name="f" time="28.418"/>
  <system-out/>
</testsuite> <!-- com.test.medirunner -->
