<?xml version="1.0" encoding="UTF-8"?>
<!-- Generated by org.testng.reporters.JUnitReportReporter -->
<testsuite hostname="DESKTOP-PIJ6M3V" failures="0" tests="2" name="com.test.runner" time="9.066" errors="0" timestamp="2022-12-06T22:44:28 IST" skipped="0">
  <testcase classname="com.test.runner" name="fvalid" time="6.217"/>
  <system-out/>
  <testcase classname="com.test.runner" name="finvalid" time="2.849"/>
  <system-out/>
</testsuite> <!-- com.test.runner -->
