<?xml version="1.0" encoding="UTF-8"?>
<!-- Generated by org.testng.reporters.JUnitReportReporter -->
<testsuite hostname="DESKTOP-PIJ6M3V" failures="0" tests="1" name="com.test.runs2" time="0.013" errors="0" timestamp="2022-12-02T01:26:35 IST" skipped="0">
  <testcase classname="com.test.runs2" name="f" time="0.013"/>
  <system-out/>
</testsuite> <!-- com.test.runs2 -->
